<?xml version="1.0" encoding="UTF-8"?>
<testng-results ignored="0" total="1" passed="1" failed="0" skipped="0">
  <reporter-output>
  </reporter-output>
  <suite started-at="2024-04-13T21:44:08 IST" name="Default suite" finished-at="2024-04-13T21:44:12 IST" duration-ms="4726">
    <groups>
    </groups>
    <test started-at="2024-04-13T21:44:08 IST" name="Default test" finished-at="2024-04-13T21:44:12 IST" duration-ms="4726">
      <class name="rahulsheddyacademy.sausedemo.Extendsreports">
        <test-method is-config="true" signature="config()[pri:0, instance:rahulsheddyacademy.sausedemo.Extendsreports@209da20d]" started-at="2024-04-13T21:44:08 IST" name="config" finished-at="2024-04-13T21:44:08 IST" duration-ms="537" status="PASS">
          <reporter-output>
          </reporter-output>
        </test-method> <!-- config -->
        <test-method signature="invokebrowser()[pri:0, instance:rahulsheddyacademy.sausedemo.Extendsreports@209da20d]" started-at="2024-04-13T21:44:08 IST" name="invokebrowser" finished-at="2024-04-13T21:44:12 IST" duration-ms="4107" status="PASS">
          <reporter-output>
          </reporter-output>
        </test-method> <!-- invokebrowser -->
      </class> <!-- rahulsheddyacademy.sausedemo.Extendsreports -->
    </test> <!-- Default test -->
  </suite> <!-- Default suite -->
</testng-results>
