<?xml version="1.0" encoding="UTF-8"?>
<testng-results ignored="0" total="2" passed="2" failed="0" skipped="0">
  <reporter-output>
  </reporter-output>
  <suite started-at="2024-05-12T12:06:17 IST" name="Suite" finished-at="2024-05-12T12:06:31 IST" duration-ms="14145">
    <groups>
    </groups>
    <test started-at="2024-05-12T12:06:17 IST" name="Test" finished-at="2024-05-12T12:06:31 IST" duration-ms="14145">
      <class name="rahulsheddyacademy.sausedemo.Extendsreports">
        <test-method is-config="true" signature="config()[pri:0, instance:rahulsheddyacademy.sausedemo.Extendsreports@4567f35d]" started-at="2024-05-12T12:06:17 IST" name="config" finished-at="2024-05-12T12:06:20 IST" duration-ms="2508" status="PASS">
          <reporter-output>
          </reporter-output>
        </test-method> <!-- config -->
        <test-method signature="invokebrowser(java.lang.String)[pri:0, instance:rahulsheddyacademy.sausedemo.Extendsreports@4567f35d]" started-at="2024-05-12T12:06:20 IST" name="invokebrowser" finished-at="2024-05-12T12:06:31 IST" duration-ms="11457" status="PASS">
          <params>
            <param index="0">
              <value>
                <![CDATA[https://www.saucedemo.com]]>
              </value>
            </param>
          </params>
          <reporter-output>
          </reporter-output>
        </test-method> <!-- invokebrowser -->
        <test-method signature="testcase2()[pri:0, instance:rahulsheddyacademy.sausedemo.Extendsreports@4567f35d]" started-at="2024-05-12T12:06:31 IST" name="testcase2" finished-at="2024-05-12T12:06:31 IST" duration-ms="38" status="PASS">
          <reporter-output>
          </reporter-output>
        </test-method> <!-- testcase2 -->
      </class> <!-- rahulsheddyacademy.sausedemo.Extendsreports -->
    </test> <!-- Test -->
  </suite> <!-- Suite -->
</testng-results>
